<?xml version="1.0" encoding="UTF-8"?>
<!-- Generated by org.testng.reporters.JUnitReportReporter -->
<testsuite hostname="jithu" failures="0" tests="1" name="com.qa.saucedemo.testPages.LoginPageTest" time="5.160" errors="0" timestamp="2023-10-24T12:18:30 IST" skipped="0">
  <testcase classname="com.qa.saucedemo.testPages.LoginPageTest" name="LoginTest" time="5.160"/>
</testsuite> <!-- com.qa.saucedemo.testPages.LoginPageTest -->
