<?xml version="1.0" encoding="UTF-8"?>
<!-- Generated by org.testng.reporters.JUnitReportReporter -->
<testsuite hostname="jithu" failures="0" tests="1" name="com.qa.saucedemo.testPages.itemAddtoCartTestPage" time="15.254" errors="0" timestamp="2023-10-24T12:42:26 IST" skipped="0">
  <testcase classname="com.qa.saucedemo.testPages.itemAddtoCartTestPage" name="verifyCart" time="15.254"/>
</testsuite> <!-- com.qa.saucedemo.testPages.itemAddtoCartTestPage -->
